number,value,datetime_start,datetime_complete,duration,params_max_depth,params_min_samples_leaf,params_min_samples_split,params_n_estimators,system_attrs_fixed_params,state
0,0.6537396121883656,2026-07-09 11:34:51.003773,2026-07-09 11:34:51.536315,0 days 00:00:00.532542,10,1,2,100,"{'n_estimators': 100, 'max_depth': 10, 'min_samples_split': 2, 'min_samples_leaf': 1}",COMPLETE
1,0.6386066763425254,2026-07-09 11:34:51.537161,2026-07-09 11:34:53.118881,0 days 00:00:01.581720,20,1,2,500,"{'n_estimators': 500, 'max_depth': 20, 'min_samples_split': 2, 'min_samples_leaf': 1}",COMPLETE
2,0.6597633136094675,2026-07-09 11:34:53.119727,2026-07-09 11:34:53.872165,0 days 00:00:00.752438,5,5,10,200,"{'n_estimators': 200, 'max_depth': 5, 'min_samples_split': 10, 'min_samples_leaf': 5}",COMPLETE
3,0.6527570789865872,2026-07-09 11:34:53.872911,2026-07-09 11:34:54.895729,0 days 00:00:01.022818,12,2,5,300,"{'n_estimators': 300, 'max_depth': 12, 'min_samples_split': 5, 'min_samples_leaf': 2}",COMPLETE
4,0.6537396121883656,2026-07-09 11:34:54.896481,2026-07-09 11:34:55.694715,0 days 00:00:00.798234,20,6,15,218,,COMPLETE
5,0.6597633136094675,2026-07-09 11:34:55.695460,2026-07-09 11:34:56.244792,0 days 00:00:00.549332,4,9,3,120,,COMPLETE
6,0.6610644257703081,2026-07-09 11:34:56.245528,2026-07-09 11:34:57.313646,0 days 00:00:01.068118,15,10,2,321,,COMPLETE
7,0.6582633053221288,2026-07-09 11:34:57.314491,2026-07-09 11:34:58.660770,0 days 00:00:01.346279,6,2,5,425,,COMPLETE
8,0.6537931034482759,2026-07-09 11:34:58.661503,2026-07-09 11:34:59.410336,0 days 00:00:00.748833,11,3,10,187,,COMPLETE
9,0.6497622820919176,2026-07-09 11:34:59.411034,2026-07-09 11:35:00.502771,0 days 00:00:01.091737,4,4,7,325,,COMPLETE
10,0.6601398601398601,2026-07-09 11:35:00.503545,2026-07-09 11:35:01.560567,0 days 00:00:01.057022,13,8,2,313,,COMPLETE
11,0.6610644257703081,2026-07-09 11:35:01.561317,2026-07-09 11:35:02.709531,0 days 00:00:01.148214,15,9,4,354,,COMPLETE
12,0.6610644257703081,2026-07-09 11:35:02.710304,2026-07-09 11:35:04.083953,0 days 00:00:01.373649,17,9,7,439,,COMPLETE
13,0.6601398601398601,2026-07-09 11:35:04.084705,2026-07-09 11:35:04.935348,0 days 00:00:00.850643,18,10,8,233,,COMPLETE
14,0.6601398601398601,2026-07-09 11:35:04.936061,2026-07-09 11:35:06.029609,0 days 00:00:01.093548,20,10,3,330,,COMPLETE
15,0.6581920903954802,2026-07-09 11:35:06.030454,2026-07-09 11:35:07.106224,0 days 00:00:01.075770,6,9,2,323,,COMPLETE
16,0.6610644257703081,2026-07-09 11:35:07.107037,2026-07-09 11:35:08.216029,0 days 00:00:01.108992,11,9,15,340,,COMPLETE
17,0.6610644257703081,2026-07-09 11:35:08.216912,2026-07-09 11:35:08.742409,0 days 00:00:00.525497,13,10,6,104,,COMPLETE
18,0.6610644257703081,2026-07-09 11:35:08.743211,2026-07-09 11:35:10.072946,0 days 00:00:01.329735,11,10,4,427,,COMPLETE
19,0.6582984658298466,2026-07-09 11:35:10.073799,2026-07-09 11:35:11.529330,0 days 00:00:01.455531,11,6,2,454,,COMPLETE
20,0.6546961325966851,2026-07-09 11:35:11.530175,2026-07-09 11:35:12.184037,0 days 00:00:00.653862,20,6,4,145,,COMPLETE
21,0.6610644257703081,2026-07-09 11:35:12.184846,2026-07-09 11:35:13.751068,0 days 00:00:01.566222,19,9,10,491,,COMPLETE
22,0.6546463245492372,2026-07-09 11:35:13.751856,2026-07-09 11:35:15.234820,0 days 00:00:01.482964,18,7,3,482,,COMPLETE
23,0.6610644257703081,2026-07-09 11:35:15.235590,2026-07-09 11:35:16.433335,0 days 00:00:01.197745,15,9,6,372,,COMPLETE
24,0.6556016597510373,2026-07-09 11:35:16.434084,2026-07-09 11:35:17.848529,0 days 00:00:01.414445,14,5,11,453,,COMPLETE
25,0.6610644257703081,2026-07-09 11:35:17.849237,2026-07-09 11:35:18.968603,0 days 00:00:01.119366,16,9,11,342,,COMPLETE
26,0.6601671309192201,2026-07-09 11:35:18.969419,2026-07-09 11:35:20.444053,0 days 00:00:01.474634,8,3,20,483,,COMPLETE
27,0.659217877094972,2026-07-09 11:35:20.444772,2026-07-09 11:35:21.256751,0 days 00:00:00.811979,15,8,5,223,,COMPLETE
28,0.6493108728943339,2026-07-09 11:35:21.257539,2026-07-09 11:35:22.407703,0 days 00:00:01.150164,20,4,6,345,,COMPLETE
29,0.6610644257703081,2026-07-09 11:35:22.408451,2026-07-09 11:35:23.749420,0 days 00:00:01.340969,16,10,5,422,,COMPLETE
30,0.6610644257703081,2026-07-09 11:35:23.750208,2026-07-09 11:35:24.831417,0 days 00:00:01.081209,14,9,2,305,,COMPLETE
31,0.6591865357643759,2026-07-09 11:35:24.832272,2026-07-09 11:35:26.118237,0 days 00:00:01.285965,9,9,17,391,,COMPLETE
32,0.6591865357643759,2026-07-09 11:35:26.119020,2026-07-09 11:35:26.940926,0 days 00:00:00.821906,10,9,17,223,,COMPLETE
33,0.6480117820324006,2026-07-09 11:35:26.941652,2026-07-09 11:35:27.576462,0 days 00:00:00.634810,20,1,19,145,,COMPLETE
34,0.6610644257703081,2026-07-09 11:35:27.577183,2026-07-09 11:35:28.603568,0 days 00:00:01.026385,15,10,17,301,,COMPLETE
35,0.6610644257703081,2026-07-09 11:35:28.604326,2026-07-09 11:35:29.579033,0 days 00:00:00.974707,10,9,12,287,,COMPLETE
36,0.6610644257703081,2026-07-09 11:35:29.579766,2026-07-09 11:35:30.971949,0 days 00:00:01.392183,10,9,11,448,,COMPLETE
37,0.6610644257703081,2026-07-09 11:35:30.972723,2026-07-09 11:35:31.906209,0 days 00:00:00.933486,15,10,5,267,,COMPLETE
38,0.6431593794076164,2026-07-09 11:35:31.906935,2026-07-09 11:35:32.591615,0 days 00:00:00.684680,2,1,6,177,,COMPLETE
39,0.6497622820919176,2026-07-09 11:35:32.592332,2026-07-09 11:35:33.581562,0 days 00:00:00.989230,4,6,20,298,,COMPLETE
40,0.6555555555555556,2026-07-09 11:35:33.582389,2026-07-09 11:35:34.616901,0 days 00:00:01.034512,13,6,17,308,,COMPLETE
41,0.6619915848527349,2026-07-09 11:35:34.617726,2026-07-09 11:35:35.062497,0 days 00:00:00.444771,11,10,7,70,,COMPLETE
42,0.6564673157162726,2026-07-09 11:35:35.063204,2026-07-09 11:35:35.484943,0 days 00:00:00.421739,8,8,12,61,,COMPLETE
43,0.659217877094972,2026-07-09 11:35:35.485689,2026-07-09 11:35:35.943033,0 days 00:00:00.457344,9,9,8,81,,COMPLETE
44,0.6610644257703081,2026-07-09 11:35:35.943779,2026-07-09 11:35:37.160821,0 days 00:00:01.217042,15,10,2,365,,COMPLETE
45,0.6513056835637481,2026-07-09 11:35:37.161775,2026-07-09 11:35:38.259490,0 days 00:00:01.097715,14,1,12,316,,COMPLETE
46,0.6516516516516516,2026-07-09 11:35:38.260238,2026-07-09 11:35:38.685223,0 days 00:00:00.424985,14,7,6,61,,COMPLETE
47,0.6312684365781711,2026-07-09 11:35:38.686078,2026-07-09 11:35:40.105367,0 days 00:00:01.419289,2,2,12,468,,COMPLETE
48,0.659217877094972,2026-07-09 11:35:40.106109,2026-07-09 11:35:41.279052,0 days 00:00:01.172943,20,8,8,361,,COMPLETE
49,0.6610644257703081,2026-07-09 11:35:41.279804,2026-07-09 11:35:41.690681,0 days 00:00:00.410877,14,10,2,57,,COMPLETE
50,0.6610644257703081,2026-07-09 11:35:41.691410,2026-07-09 11:35:42.136496,0 days 00:00:00.445086,16,10,9,72,,COMPLETE
51,0.6610644257703081,2026-07-09 11:35:42.137322,2026-07-09 11:35:42.575952,0 days 00:00:00.438630,9,10,4,68,,COMPLETE
52,0.6610644257703081,2026-07-09 11:35:42.576694,2026-07-09 11:35:43.136476,0 days 00:00:00.559782,13,9,8,120,,COMPLETE
53,0.6601398601398601,2026-07-09 11:35:43.137215,2026-07-09 11:35:44.375208,0 days 00:00:01.237993,14,8,7,387,,COMPLETE
54,0.6591865357643759,2026-07-09 11:35:44.375930,2026-07-09 11:35:44.982085,0 days 00:00:00.606155,11,9,4,137,,COMPLETE
55,0.647239263803681,2026-07-09 11:35:44.982812,2026-07-09 11:35:45.441592,0 days 00:00:00.458780,15,5,15,74,,COMPLETE
56,0.6467065868263473,2026-07-09 11:35:45.442285,2026-07-09 11:35:46.066936,0 days 00:00:00.624651,20,1,10,138,,COMPLETE
57,0.6601398601398601,2026-07-09 11:35:46.067648,2026-07-09 11:35:47.480712,0 days 00:00:01.413064,19,9,17,457,,COMPLETE
58,0.661134163208852,2026-07-09 11:35:47.481477,2026-07-09 11:35:47.894613,0 days 00:00:00.413136,7,2,16,59,,COMPLETE
59,0.659217877094972,2026-07-09 11:35:47.895337,2026-07-09 11:35:48.440285,0 days 00:00:00.544948,7,1,15,110,,COMPLETE
60,0.6597633136094675,2026-07-09 11:35:48.441002,2026-07-09 11:35:48.855930,0 days 00:00:00.414928,5,4,14,58,,COMPLETE
61,0.6431593794076164,2026-07-09 11:35:48.856665,2026-07-09 11:35:49.713894,0 days 00:00:00.857229,2,2,17,230,,COMPLETE
62,0.6593103448275862,2026-07-09 11:35:49.714762,2026-07-09 11:35:50.238354,0 days 00:00:00.523592,8,4,16,96,,COMPLETE
63,0.659217877094972,2026-07-09 11:35:50.239078,2026-07-09 11:35:51.509676,0 days 00:00:01.270598,18,8,4,386,,COMPLETE
64,0.6610644257703081,2026-07-09 11:35:51.510455,2026-07-09 11:35:52.051009,0 days 00:00:00.540554,13,10,6,95,,COMPLETE
65,0.6583679114799447,2026-07-09 11:35:52.051745,2026-07-09 11:35:52.780623,0 days 00:00:00.728878,8,1,19,184,,COMPLETE
66,0.6431593794076164,2026-07-09 11:35:52.781374,2026-07-09 11:35:53.730142,0 days 00:00:00.948768,2,10,13,279,,COMPLETE
67,0.6597633136094675,2026-07-09 11:35:53.730981,2026-07-09 11:35:54.135985,0 days 00:00:00.405004,5,1,11,51,,COMPLETE
68,0.659217877094972,2026-07-09 11:35:54.136703,2026-07-09 11:35:55.298284,0 days 00:00:01.161581,7,7,14,357,,COMPLETE
69,0.6507936507936508,2026-07-09 11:35:55.299005,2026-07-09 11:35:56.750527,0 days 00:00:01.451522,3,8,3,468,,COMPLETE
70,0.6620498614958449,2026-07-09 11:35:56.751267,2026-07-09 11:35:57.191366,0 days 00:00:00.440099,7,5,4,69,,COMPLETE
71,0.6601671309192201,2026-07-09 11:35:57.192019,2026-07-09 11:35:57.674996,0 days 00:00:00.482977,9,3,4,83,,COMPLETE
72,0.6610644257703081,2026-07-09 11:35:57.675832,2026-07-09 11:35:58.833188,0 days 00:00:01.157356,12,10,15,340,,COMPLETE
73,0.6574202496532594,2026-07-09 11:35:58.833953,2026-07-09 11:35:59.375611,0 days 00:00:00.541658,11,2,13,109,,COMPLETE
74,0.659217877094972,2026-07-09 11:35:59.376354,2026-07-09 11:35:59.907441,0 days 00:00:00.531087,7,4,2,103,,COMPLETE
75,0.6397415185783522,2026-07-09 11:35:59.908140,2026-07-09 11:36:00.308385,0 days 00:00:00.400245,3,3,5,51,,COMPLETE
76,0.6590257879656161,2026-07-09 11:36:00.309070,2026-07-09 11:36:00.755487,0 days 00:00:00.446417,7,3,19,72,,COMPLETE
77,0.659217877094972,2026-07-09 11:36:00.756175,2026-07-09 11:36:01.211045,0 days 00:00:00.454870,8,6,6,74,,COMPLETE
78,0.6578171091445427,2026-07-09 11:36:01.211781,2026-07-09 11:36:01.713939,0 days 00:00:00.502158,6,6,4,89,,COMPLETE
79,0.6610644257703081,2026-07-09 11:36:01.714754,2026-07-09 11:36:02.703668,0 days 00:00:00.988914,9,10,6,276,,COMPLETE
80,0.659217877094972,2026-07-09 11:36:02.704503,2026-07-09 11:36:03.756415,0 days 00:00:01.051912,16,8,2,291,,COMPLETE
81,0.6610644257703081,2026-07-09 11:36:03.757294,2026-07-09 11:36:05.362319,0 days 00:00:01.605025,10,9,5,499,,COMPLETE
82,0.6610644257703081,2026-07-09 11:36:05.363109,2026-07-09 11:36:06.472558,0 days 00:00:01.109449,13,10,6,334,,COMPLETE
83,0.6610644257703081,2026-07-09 11:36:06.473276,2026-07-09 11:36:07.676982,0 days 00:00:01.203706,10,9,2,372,,COMPLETE
84,0.6610644257703081,2026-07-09 11:36:07.677713,2026-07-09 11:36:08.674719,0 days 00:00:00.997006,16,10,2,284,,COMPLETE
85,0.6610644257703081,2026-07-09 11:36:08.675475,2026-07-09 11:36:10.188295,0 days 00:00:01.512820,18,10,6,489,,COMPLETE
86,0.6591865357643759,2026-07-09 11:36:10.189187,2026-07-09 11:36:10.856426,0 days 00:00:00.667239,10,9,10,160,,COMPLETE
87,0.6610644257703081,2026-07-09 11:36:10.857172,2026-07-09 11:36:12.144586,0 days 00:00:01.287414,11,9,7,406,,COMPLETE
88,0.6610644257703081,2026-07-09 11:36:12.145331,2026-07-09 11:36:13.651786,0 days 00:00:01.506455,13,9,2,490,,COMPLETE
89,0.6517189835575485,2026-07-09 11:36:13.652537,2026-07-09 11:36:14.102615,0 days 00:00:00.450078,12,9,10,71,,COMPLETE
90,0.6610644257703081,2026-07-09 11:36:14.103430,2026-07-09 11:36:15.439745,0 days 00:00:01.336315,14,10,10,416,,COMPLETE
91,0.6610644257703081,2026-07-09 11:36:15.440493,2026-07-09 11:36:16.986713,0 days 00:00:01.546220,18,10,11,491,,COMPLETE
92,0.6582984658298466,2026-07-09 11:36:16.987469,2026-07-09 11:36:18.415356,0 days 00:00:01.427887,17,8,6,444,,COMPLETE
93,0.6610644257703081,2026-07-09 11:36:18.416088,2026-07-09 11:36:19.779878,0 days 00:00:01.363790,20,9,9,444,,COMPLETE
94,0.6582984658298466,2026-07-09 11:36:19.780630,2026-07-09 11:36:21.250084,0 days 00:00:01.469454,20,8,8,478,,COMPLETE
95,0.6601398601398601,2026-07-09 11:36:21.250875,2026-07-09 11:36:22.534369,0 days 00:00:01.283494,13,8,15,407,,COMPLETE
96,0.6582984658298466,2026-07-09 11:36:22.535091,2026-07-09 11:36:23.402699,0 days 00:00:00.867608,11,4,3,240,,COMPLETE
97,0.6582278481012658,2026-07-09 11:36:23.403536,2026-07-09 11:36:23.818423,0 days 00:00:00.414887,6,2,15,58,,COMPLETE
98,0.6597633136094675,2026-07-09 11:36:23.819134,2026-07-09 11:36:24.446470,0 days 00:00:00.627336,5,10,20,145,,COMPLETE
99,0.6601398601398601,2026-07-09 11:36:24.447221,2026-07-09 11:36:25.721957,0 days 00:00:01.274736,14,8,3,400,,COMPLETE
